2021-08-29 00:05:35,047 TRACE com.dan_walker_cs.have_them_webapp.accounts.controller.AuthSuccessController [http-nio-8080-exec-4] User: nasty_haze
2021-08-29 00:05:35,062 TRACE com.dan_walker_cs.have_them_webapp.accounts.controller.UserController [http-nio-8080-exec-5] User: nasty_haze
2021-08-29 00:06:39,391 TRACE com.dan_walker_cs.have_them_webapp.accounts.controller.AuthSuccessController [http-nio-8080-exec-4] User: user
2021-08-29 00:06:39,405 TRACE com.dan_walker_cs.have_them_webapp.accounts.controller.UserController [http-nio-8080-exec-5] User: user
2021-08-29 00:11:28,643 TRACE com.dan_walker_cs.have_them_webapp.accounts.controller.AuthSuccessController [http-nio-8080-exec-4] User: user
2021-08-29 00:11:28,659 TRACE com.dan_walker_cs.have_them_webapp.accounts.controller.UserController [http-nio-8080-exec-5] User: user
2021-08-29 00:17:39,578 TRACE com.dan_walker_cs.have_them_webapp.accounts.controller.AuthSuccessController [http-nio-8080-exec-4] User: user
2021-08-29 00:17:39,592 TRACE com.dan_walker_cs.have_them_webapp.accounts.controller.UserController [http-nio-8080-exec-5] User: user
2021-08-29 00:17:51,445 TRACE com.dan_walker_cs.have_them_webapp.accounts.controller.HomeController [http-nio-8080-exec-8] User: user
2021-08-29 00:19:29,893 TRACE com.dan_walker_cs.have_them_webapp.accounts.controller.AuthSuccessController [http-nio-8080-exec-5] User: user
2021-08-29 00:19:29,904 TRACE com.dan_walker_cs.have_them_webapp.accounts.controller.UserController [http-nio-8080-exec-6] User: user
2021-08-29 00:21:39,422 TRACE com.dan_walker_cs.have_them_webapp.accounts.controller.AuthSuccessController [http-nio-8080-exec-4] User: user
2021-08-29 00:21:39,439 TRACE com.dan_walker_cs.have_them_webapp.accounts.controller.UserController [http-nio-8080-exec-5] User: user
2021-08-29 00:25:11,580 TRACE com.dan_walker_cs.have_them_webapp.accounts.controller.AuthSuccessController [http-nio-8080-exec-4] User: user
2021-08-29 00:25:11,594 TRACE com.dan_walker_cs.have_them_webapp.accounts.controller.UserController [http-nio-8080-exec-5] User: user
2021-08-29 00:25:50,507 TRACE com.dan_walker_cs.have_them_webapp.accounts.controller.AuthSuccessController [http-nio-8080-exec-5] User: user
2021-08-29 00:25:50,521 TRACE com.dan_walker_cs.have_them_webapp.accounts.controller.UserController [http-nio-8080-exec-6] User: user
2021-08-29 00:25:58,741 TRACE com.dan_walker_cs.have_them_webapp.accounts.controller.HomeController [http-nio-8080-exec-10] User: user
2021-08-29 00:26:01,939 TRACE com.dan_walker_cs.have_them_webapp.accounts.controller.AuthSuccessController [http-nio-8080-exec-3] User: user
2021-08-29 00:26:01,942 TRACE com.dan_walker_cs.have_them_webapp.accounts.controller.UserController [http-nio-8080-exec-4] User: user
2021-08-29 00:26:07,707 TRACE com.dan_walker_cs.have_them_webapp.accounts.controller.HomeController [http-nio-8080-exec-8] User: user
2021-08-29 00:26:11,661 TRACE com.dan_walker_cs.have_them_webapp.accounts.controller.HomeController [http-nio-8080-exec-9] User: user
2021-08-29 00:32:05,386 TRACE com.dan_walker_cs.have_them_webapp.accounts.controller.AuthSuccessController [http-nio-8080-exec-5] User: user
2021-08-29 00:32:05,396 TRACE com.dan_walker_cs.have_them_webapp.accounts.controller.UserController [http-nio-8080-exec-6] User: user
2021-08-29 00:33:28,495 TRACE com.dan_walker_cs.have_them_webapp.accounts.controller.AuthSuccessController [http-nio-8080-exec-3] User: user
2021-08-29 00:33:28,511 TRACE com.dan_walker_cs.have_them_webapp.accounts.controller.UserController [http-nio-8080-exec-4] User: user
2021-08-29 00:42:28,836 TRACE com.dan_walker_cs.have_them_webapp.accounts.controller.AuthSuccessController [http-nio-8080-exec-4] User: user
2021-08-29 00:42:28,851 TRACE com.dan_walker_cs.have_them_webapp.accounts.controller.UserController [http-nio-8080-exec-5] User: user
2021-08-29 00:44:34,601 TRACE com.dan_walker_cs.have_them_webapp.accounts.controller.AuthSuccessController [http-nio-8080-exec-4] User: user
2021-08-29 00:44:34,616 TRACE com.dan_walker_cs.have_them_webapp.accounts.controller.UserController [http-nio-8080-exec-5] User: user
2021-08-29 00:44:40,438 TRACE com.dan_walker_cs.have_them_webapp.accounts.controller.HomeController [http-nio-8080-exec-8] User: user
2021-08-29 00:44:42,787 TRACE com.dan_walker_cs.have_them_webapp.accounts.controller.UserController [http-nio-8080-exec-9] User: user
2021-08-29 00:45:53,258 TRACE com.dan_walker_cs.have_them_webapp.accounts.controller.AuthSuccessController [http-nio-8080-exec-4] User: user
2021-08-29 00:45:53,273 TRACE com.dan_walker_cs.have_them_webapp.accounts.controller.UserController [http-nio-8080-exec-5] User: user
2021-08-29 00:46:00,992 TRACE com.dan_walker_cs.have_them_webapp.accounts.controller.HomeController [http-nio-8080-exec-8] User: user
2021-08-29 00:46:02,133 TRACE com.dan_walker_cs.have_them_webapp.accounts.controller.UserController [http-nio-8080-exec-10] User: user
2021-08-29 00:46:51,658 TRACE com.dan_walker_cs.have_them_webapp.accounts.controller.AuthSuccessController [http-nio-8080-exec-4] User: user
2021-08-29 00:46:51,672 TRACE com.dan_walker_cs.have_them_webapp.accounts.controller.UserController [http-nio-8080-exec-5] User: user
2021-08-29 00:48:14,874 TRACE com.dan_walker_cs.have_them_webapp.accounts.controller.AuthSuccessController [http-nio-8080-exec-4] User: user
2021-08-29 00:48:14,888 TRACE com.dan_walker_cs.have_them_webapp.accounts.controller.UserController [http-nio-8080-exec-6] User: user
2021-08-29 00:51:05,619 TRACE com.dan_walker_cs.have_them_webapp.accounts.controller.AuthSuccessController [http-nio-8080-exec-4] User: user
2021-08-29 00:51:05,634 TRACE com.dan_walker_cs.have_them_webapp.accounts.controller.UserController [http-nio-8080-exec-5] User: user
2021-08-29 00:52:02,050 TRACE com.dan_walker_cs.have_them_webapp.accounts.controller.UserController [http-nio-8080-exec-7] User: user
2021-08-29 00:52:45,664 TRACE com.dan_walker_cs.have_them_webapp.accounts.controller.AuthSuccessController [http-nio-8080-exec-4] User: user
2021-08-29 00:52:45,678 TRACE com.dan_walker_cs.have_them_webapp.accounts.controller.UserController [http-nio-8080-exec-5] User: user
2021-08-29 00:54:00,325 TRACE com.dan_walker_cs.have_them_webapp.accounts.controller.AuthSuccessController [http-nio-8080-exec-4] User: user
2021-08-29 00:54:00,341 TRACE com.dan_walker_cs.have_them_webapp.accounts.controller.UserController [http-nio-8080-exec-5] User: user
2021-08-29 00:55:04,215 TRACE com.dan_walker_cs.have_them_webapp.accounts.controller.AuthSuccessController [http-nio-8080-exec-4] User: user
2021-08-29 00:55:04,228 TRACE com.dan_walker_cs.have_them_webapp.accounts.controller.UserController [http-nio-8080-exec-5] User: user
2021-08-29 00:55:06,757 TRACE com.dan_walker_cs.have_them_webapp.accounts.controller.HomeController [http-nio-8080-exec-8] User: user
2021-08-29 00:55:09,064 TRACE com.dan_walker_cs.have_them_webapp.accounts.controller.UserController [http-nio-8080-exec-10] User: user
2021-08-29 00:55:09,678 TRACE com.dan_walker_cs.have_them_webapp.accounts.controller.HomeController [http-nio-8080-exec-3] User: user
2021-08-29 00:55:10,317 TRACE com.dan_walker_cs.have_them_webapp.accounts.controller.UserController [http-nio-8080-exec-5] User: user
2021-08-29 00:55:57,346 TRACE com.dan_walker_cs.have_them_webapp.accounts.controller.AuthSuccessController [http-nio-8080-exec-4] User: user
2021-08-29 00:55:57,360 TRACE com.dan_walker_cs.have_them_webapp.accounts.controller.UserController [http-nio-8080-exec-5] User: user
2021-08-29 00:56:34,586 TRACE com.dan_walker_cs.have_them_webapp.accounts.controller.AuthSuccessController [http-nio-8080-exec-4] User: user
2021-08-29 00:56:34,601 TRACE com.dan_walker_cs.have_them_webapp.accounts.controller.UserController [http-nio-8080-exec-5] User: user
2021-08-29 00:57:06,561 TRACE com.dan_walker_cs.have_them_webapp.accounts.controller.AuthSuccessController [http-nio-8080-exec-4] User: user
2021-08-29 00:57:06,576 TRACE com.dan_walker_cs.have_them_webapp.accounts.controller.UserController [http-nio-8080-exec-5] User: user
2021-08-29 00:58:44,293 TRACE com.dan_walker_cs.have_them_webapp.accounts.controller.AuthSuccessController [http-nio-8080-exec-4] User: user
2021-08-29 00:58:44,307 TRACE com.dan_walker_cs.have_them_webapp.accounts.controller.UserController [http-nio-8080-exec-5] User: user
2021-08-29 00:59:38,612 TRACE com.dan_walker_cs.have_them_webapp.accounts.controller.AuthSuccessController [http-nio-8080-exec-4] User: user
2021-08-29 00:59:38,625 TRACE com.dan_walker_cs.have_them_webapp.accounts.controller.UserController [http-nio-8080-exec-3] User: user
2021-08-29 01:02:00,486 TRACE com.dan_walker_cs.have_them_webapp.accounts.controller.AuthSuccessController [http-nio-8080-exec-4] User: user
2021-08-29 01:02:00,500 TRACE com.dan_walker_cs.have_them_webapp.accounts.controller.UserController [http-nio-8080-exec-5] User: user
2021-08-29 01:02:37,132 TRACE com.dan_walker_cs.have_them_webapp.accounts.controller.AuthSuccessController [http-nio-8080-exec-4] User: user
2021-08-29 01:02:37,146 TRACE com.dan_walker_cs.have_them_webapp.accounts.controller.UserController [http-nio-8080-exec-5] User: user
2021-08-29 01:03:31,332 TRACE com.dan_walker_cs.have_them_webapp.accounts.controller.AuthSuccessController [http-nio-8080-exec-5] User: user
2021-08-29 01:03:31,346 TRACE com.dan_walker_cs.have_them_webapp.accounts.controller.UserController [http-nio-8080-exec-6] User: user
2021-08-29 01:03:46,317 TRACE com.dan_walker_cs.have_them_webapp.accounts.controller.AuthSuccessController [http-nio-8080-exec-4] User: user
2021-08-29 01:03:46,333 TRACE com.dan_walker_cs.have_them_webapp.accounts.controller.UserController [http-nio-8080-exec-5] User: user
2021-08-29 01:08:05,652 TRACE com.dan_walker_cs.have_them_webapp.accounts.controller.AuthSuccessController [http-nio-8080-exec-4] User: user
2021-08-29 01:08:05,665 TRACE com.dan_walker_cs.have_them_webapp.accounts.controller.UserController [http-nio-8080-exec-5] User: user
2021-08-29 01:09:46,619 TRACE com.dan_walker_cs.have_them_webapp.accounts.controller.AuthSuccessController [http-nio-8080-exec-4] User: user
2021-08-29 01:09:46,634 TRACE com.dan_walker_cs.have_them_webapp.accounts.controller.UserController [http-nio-8080-exec-5] User: user
2021-08-29 01:10:33,582 TRACE com.dan_walker_cs.have_them_webapp.accounts.controller.AuthSuccessController [http-nio-8080-exec-4] User: user
2021-08-29 01:10:33,596 TRACE com.dan_walker_cs.have_them_webapp.accounts.controller.UserController [http-nio-8080-exec-5] User: user
2021-08-29 01:14:08,073 TRACE com.dan_walker_cs.have_them_webapp.accounts.controller.AuthSuccessController [http-nio-8080-exec-4] User: user
2021-08-29 01:14:08,087 TRACE com.dan_walker_cs.have_them_webapp.accounts.controller.UserController [http-nio-8080-exec-5] User: user
2021-08-29 01:17:03,827 TRACE com.dan_walker_cs.have_them_webapp.accounts.controller.AuthSuccessController [http-nio-8080-exec-4] User: user
2021-08-29 01:17:03,842 TRACE com.dan_walker_cs.have_them_webapp.accounts.controller.UserController [http-nio-8080-exec-5] User: user
2021-08-29 01:17:48,221 TRACE com.dan_walker_cs.have_them_webapp.accounts.controller.AuthSuccessController [http-nio-8080-exec-4] User: user
2021-08-29 01:17:48,236 TRACE com.dan_walker_cs.have_them_webapp.accounts.controller.UserController [http-nio-8080-exec-5] User: user
2021-08-29 01:19:24,894 TRACE com.dan_walker_cs.have_them_webapp.accounts.controller.AuthSuccessController [http-nio-8080-exec-4] User: user
2021-08-29 01:19:24,910 TRACE com.dan_walker_cs.have_them_webapp.accounts.controller.UserController [http-nio-8080-exec-5] User: user
2021-08-29 01:20:08,172 TRACE com.dan_walker_cs.have_them_webapp.accounts.controller.AuthSuccessController [http-nio-8080-exec-4] User: user
2021-08-29 01:20:08,186 TRACE com.dan_walker_cs.have_them_webapp.accounts.controller.UserController [http-nio-8080-exec-5] User: user
2021-08-29 01:24:50,009 TRACE com.dan_walker_cs.have_them_webapp.accounts.controller.AuthSuccessController [http-nio-8080-exec-4] User: user
2021-08-29 01:24:50,024 TRACE com.dan_walker_cs.have_them_webapp.accounts.controller.UserController [http-nio-8080-exec-5] User: user
2021-08-29 01:26:49,400 TRACE com.dan_walker_cs.have_them_webapp.accounts.controller.AuthSuccessController [http-nio-8080-exec-4] User: user
2021-08-29 01:26:49,415 TRACE com.dan_walker_cs.have_them_webapp.accounts.controller.UserController [http-nio-8080-exec-5] User: user
2021-08-29 01:28:43,368 TRACE com.dan_walker_cs.have_them_webapp.accounts.controller.AuthSuccessController [http-nio-8080-exec-4] User: user
2021-08-29 01:28:43,383 TRACE com.dan_walker_cs.have_them_webapp.accounts.controller.UserController [http-nio-8080-exec-5] User: user
2021-08-29 01:31:14,214 TRACE com.dan_walker_cs.have_them_webapp.accounts.controller.UserController [http-nio-8080-exec-8] User: user
2021-08-29 01:31:45,542 TRACE com.dan_walker_cs.have_them_webapp.accounts.controller.AuthSuccessController [http-nio-8080-exec-4] User: user
2021-08-29 01:31:45,556 TRACE com.dan_walker_cs.have_them_webapp.accounts.controller.UserController [http-nio-8080-exec-5] User: user
2021-08-29 01:35:44,446 TRACE com.dan_walker_cs.have_them_webapp.accounts.controller.AuthSuccessController [http-nio-8080-exec-4] User: user
2021-08-29 01:35:44,460 TRACE com.dan_walker_cs.have_them_webapp.accounts.controller.UserController [http-nio-8080-exec-5] User: user
2021-08-29 01:36:21,629 TRACE com.dan_walker_cs.have_them_webapp.accounts.controller.AuthSuccessController [http-nio-8080-exec-4] User: user
2021-08-29 01:36:21,644 TRACE com.dan_walker_cs.have_them_webapp.accounts.controller.UserController [http-nio-8080-exec-5] User: user
2021-08-29 01:38:26,453 TRACE com.dan_walker_cs.have_them_webapp.accounts.controller.AuthSuccessController [http-nio-8080-exec-4] User: user
2021-08-29 01:38:26,467 TRACE com.dan_walker_cs.have_them_webapp.accounts.controller.UserController [http-nio-8080-exec-5] User: user
2021-08-29 01:39:50,001 TRACE com.dan_walker_cs.have_them_webapp.accounts.controller.AuthSuccessController [http-nio-8080-exec-4] User: user
2021-08-29 01:39:50,016 TRACE com.dan_walker_cs.have_them_webapp.accounts.controller.UserController [http-nio-8080-exec-5] User: user
2021-08-29 01:41:00,880 TRACE com.dan_walker_cs.have_them_webapp.accounts.controller.AuthSuccessController [http-nio-8080-exec-4] User: user
2021-08-29 01:41:00,895 TRACE com.dan_walker_cs.have_them_webapp.accounts.controller.UserController [http-nio-8080-exec-6] User: user
2021-08-29 01:43:58,860 TRACE com.dan_walker_cs.have_them_webapp.accounts.controller.AuthSuccessController [http-nio-8080-exec-4] User: user
2021-08-29 01:43:58,875 TRACE com.dan_walker_cs.have_them_webapp.accounts.controller.UserController [http-nio-8080-exec-5] User: user
2021-08-29 01:44:39,946 TRACE com.dan_walker_cs.have_them_webapp.accounts.controller.AuthSuccessController [http-nio-8080-exec-4] User: user
2021-08-29 01:44:39,960 TRACE com.dan_walker_cs.have_them_webapp.accounts.controller.UserController [http-nio-8080-exec-6] User: user
2021-08-29 01:45:20,602 TRACE com.dan_walker_cs.have_them_webapp.accounts.controller.AuthSuccessController [http-nio-8080-exec-4] User: user
2021-08-29 01:45:20,628 TRACE com.dan_walker_cs.have_them_webapp.accounts.controller.UserController [http-nio-8080-exec-5] User: user
2021-08-29 01:45:58,731 TRACE com.dan_walker_cs.have_them_webapp.accounts.controller.AuthSuccessController [http-nio-8080-exec-4] User: user
2021-08-29 01:45:58,746 TRACE com.dan_walker_cs.have_them_webapp.accounts.controller.UserController [http-nio-8080-exec-5] User: user
2021-08-29 01:50:07,520 TRACE com.dan_walker_cs.have_them_webapp.accounts.controller.AuthSuccessController [http-nio-8080-exec-4] User: user
2021-08-29 01:50:07,536 TRACE com.dan_walker_cs.have_them_webapp.accounts.controller.UserController [http-nio-8080-exec-5] User: user
2021-08-29 01:50:56,337 TRACE com.dan_walker_cs.have_them_webapp.accounts.controller.AuthSuccessController [http-nio-8080-exec-4] User: user
2021-08-29 01:50:56,351 TRACE com.dan_walker_cs.have_them_webapp.accounts.controller.UserController [http-nio-8080-exec-5] User: user
2021-08-29 01:52:27,814 TRACE com.dan_walker_cs.have_them_webapp.accounts.controller.AuthSuccessController [http-nio-8080-exec-4] User: user
2021-08-29 01:52:27,829 TRACE com.dan_walker_cs.have_them_webapp.accounts.controller.UserController [http-nio-8080-exec-5] User: user
2021-08-29 01:53:20,981 TRACE com.dan_walker_cs.have_them_webapp.accounts.controller.AuthSuccessController [http-nio-8080-exec-4] User: user
2021-08-29 01:53:20,995 TRACE com.dan_walker_cs.have_them_webapp.accounts.controller.UserController [http-nio-8080-exec-5] User: user
2021-08-29 01:53:58,493 TRACE com.dan_walker_cs.have_them_webapp.accounts.controller.AuthSuccessController [http-nio-8080-exec-4] User: user
2021-08-29 01:53:58,508 TRACE com.dan_walker_cs.have_them_webapp.accounts.controller.UserController [http-nio-8080-exec-5] User: user
2021-08-29 01:55:33,251 TRACE com.dan_walker_cs.have_them_webapp.accounts.controller.AuthSuccessController [http-nio-8080-exec-4] User: user
2021-08-29 01:55:33,266 TRACE com.dan_walker_cs.have_them_webapp.accounts.controller.UserController [http-nio-8080-exec-5] User: user
2021-08-29 02:03:22,594 TRACE com.dan_walker_cs.have_them_webapp.accounts.controller.AuthSuccessController [http-nio-8080-exec-4] User: user
2021-08-29 02:03:22,608 TRACE com.dan_walker_cs.have_them_webapp.accounts.controller.UserController [http-nio-8080-exec-5] User: user
2021-08-29 13:05:27,367 TRACE com.dan_walker_cs.have_them_webapp.accounts.controller.AuthSuccessController [http-nio-8080-exec-4] User: user
2021-08-29 13:05:27,382 TRACE com.dan_walker_cs.have_them_webapp.accounts.controller.UserController [http-nio-8080-exec-5] User: user
2021-08-29 13:05:30,534 TRACE com.dan_walker_cs.have_them_webapp.accounts.controller.UserController [http-nio-8080-exec-7] User: user
2021-08-29 13:05:32,839 TRACE com.dan_walker_cs.have_them_webapp.accounts.controller.UserController [http-nio-8080-exec-8] User: user
2021-08-29 13:05:33,870 TRACE com.dan_walker_cs.have_them_webapp.accounts.controller.HomeController [http-nio-8080-exec-1] User: user
2021-08-29 13:05:34,678 TRACE com.dan_walker_cs.have_them_webapp.accounts.controller.UserController [http-nio-8080-exec-3] User: user
2021-08-29 13:05:36,348 TRACE com.dan_walker_cs.have_them_webapp.accounts.controller.HomeController [http-nio-8080-exec-5] User: user
2021-08-29 13:05:36,781 TRACE com.dan_walker_cs.have_them_webapp.accounts.controller.UserController [http-nio-8080-exec-7] User: user
2021-08-29 13:06:35,680 TRACE com.dan_walker_cs.have_them_webapp.accounts.controller.AuthSuccessController [http-nio-8080-exec-1] User: nasty_haze
2021-08-29 13:06:35,684 TRACE com.dan_walker_cs.have_them_webapp.accounts.controller.UserController [http-nio-8080-exec-2] User: nasty_haze
2021-08-29 14:38:18,997 TRACE com.dan_walker_cs.have_them_webapp.accounts.controller.AuthSuccessController [http-nio-8080-exec-4] User: user
2021-08-29 14:38:19,012 TRACE com.dan_walker_cs.have_them_webapp.accounts.controller.UserController [http-nio-8080-exec-6] User: user
2021-08-29 14:38:37,025 INFO com.dan_walker_cs.have_them_webapp.accounts.controller.UserController [http-nio-8080-exec-7] -----gameRules-----
2021-08-29 14:38:37,025 INFO com.dan_walker_cs.have_them_webapp.accounts.controller.UserController [http-nio-8080-exec-7] com.dan_walker_cs.have_them_webapp.game.model.GameRules@1de4c434
2021-08-29 14:38:37,031 TRACE com.dan_walker_cs.have_them_webapp.accounts.controller.HomeController [http-nio-8080-exec-8] User: user
2021-08-29 14:39:28,730 TRACE com.dan_walker_cs.have_them_webapp.accounts.controller.AuthSuccessController [http-nio-8080-exec-4] User: user
2021-08-29 14:39:28,745 TRACE com.dan_walker_cs.have_them_webapp.accounts.controller.UserController [http-nio-8080-exec-5] User: user
2021-08-29 14:39:36,508 INFO com.dan_walker_cs.have_them_webapp.accounts.controller.UserController [http-nio-8080-exec-7] -----gameRules-----
2021-08-29 14:39:36,509 INFO com.dan_walker_cs.have_them_webapp.accounts.controller.UserController [http-nio-8080-exec-7] GameRules{numPlayers=4, smallBlind=0.0, bigBlind=0.1, actionTimerLength=1.0, minBuyIn=0.0, maxBuyIn=0.0, gameType='holdem'}
2021-08-29 14:39:36,514 TRACE com.dan_walker_cs.have_them_webapp.accounts.controller.HomeController [http-nio-8080-exec-8] User: user
2021-08-29 14:41:58,476 TRACE com.dan_walker_cs.have_them_webapp.accounts.controller.AuthSuccessController [http-nio-8080-exec-5] User: user
2021-08-29 14:41:58,487 TRACE com.dan_walker_cs.have_them_webapp.accounts.controller.UserController [http-nio-8080-exec-6] User: user
2021-08-29 14:43:49,398 TRACE com.dan_walker_cs.have_them_webapp.accounts.controller.AuthSuccessController [http-nio-8080-exec-4] User: user
2021-08-29 14:43:49,414 TRACE com.dan_walker_cs.have_them_webapp.accounts.controller.UserController [http-nio-8080-exec-5] User: user
2021-08-29 14:43:58,809 INFO com.dan_walker_cs.have_them_webapp.accounts.controller.UserController [http-nio-8080-exec-7] -----gameRules-----
2021-08-29 14:43:58,809 INFO com.dan_walker_cs.have_them_webapp.accounts.controller.UserController [http-nio-8080-exec-7] GameRules{numPlayers=4, smallBlind=0.0, bigBlind=0.1, actionTimerLength=2.5, minBuyIn=0.0, maxBuyIn=0.0, gameType='holdem'}
2021-08-29 14:43:58,815 TRACE com.dan_walker_cs.have_them_webapp.accounts.controller.HomeController [http-nio-8080-exec-8] User: user
2021-08-29 14:46:23,178 TRACE com.dan_walker_cs.have_them_webapp.accounts.controller.AuthSuccessController [http-nio-8080-exec-3] User: user
2021-08-29 14:46:23,193 TRACE com.dan_walker_cs.have_them_webapp.accounts.controller.UserController [http-nio-8080-exec-5] User: user
2021-08-29 14:46:34,088 INFO com.dan_walker_cs.have_them_webapp.accounts.controller.UserController [http-nio-8080-exec-7] -----gameRules-----
2021-08-29 14:46:34,088 INFO com.dan_walker_cs.have_them_webapp.accounts.controller.UserController [http-nio-8080-exec-7] GameRules{numPlayers=5, smallBlind=0.0, bigBlind=0.1, actionTimerLength=4.0, minBuyIn=0.0, maxBuyIn=0.0, gameType='holdem'}
2021-08-29 14:46:34,093 TRACE com.dan_walker_cs.have_them_webapp.accounts.controller.HomeController [http-nio-8080-exec-4] User: user
2021-08-29 14:46:48,281 TRACE com.dan_walker_cs.have_them_webapp.accounts.controller.AuthSuccessController [http-nio-8080-exec-1] User: user
2021-08-29 14:46:48,284 TRACE com.dan_walker_cs.have_them_webapp.accounts.controller.UserController [http-nio-8080-exec-2] User: user
2021-08-29 14:46:59,138 INFO com.dan_walker_cs.have_them_webapp.accounts.controller.UserController [http-nio-8080-exec-5] -----gameRules-----
2021-08-29 14:46:59,138 INFO com.dan_walker_cs.have_them_webapp.accounts.controller.UserController [http-nio-8080-exec-5] GameRules{numPlayers=7, smallBlind=0.0, bigBlind=0.1, actionTimerLength=1.5, minBuyIn=0.0, maxBuyIn=0.0, gameType='holdem'}
2021-08-29 14:46:59,142 TRACE com.dan_walker_cs.have_them_webapp.accounts.controller.HomeController [http-nio-8080-exec-6] User: user
2021-08-29 14:48:05,252 TRACE com.dan_walker_cs.have_them_webapp.accounts.controller.AuthSuccessController [http-nio-8080-exec-5] User: user
2021-08-29 14:48:05,262 TRACE com.dan_walker_cs.have_them_webapp.accounts.controller.UserController [http-nio-8080-exec-6] User: user
2021-08-29 14:50:10,541 TRACE com.dan_walker_cs.have_them_webapp.accounts.controller.AuthSuccessController [http-nio-8080-exec-3] User: user
2021-08-29 14:50:10,556 TRACE com.dan_walker_cs.have_them_webapp.accounts.controller.UserController [http-nio-8080-exec-4] User: user
2021-08-29 14:50:44,967 TRACE com.dan_walker_cs.have_them_webapp.accounts.controller.AuthSuccessController [http-nio-8080-exec-4] User: user
2021-08-29 14:50:44,982 TRACE com.dan_walker_cs.have_them_webapp.accounts.controller.UserController [http-nio-8080-exec-5] User: user
2021-08-29 14:51:07,938 INFO com.dan_walker_cs.have_them_webapp.accounts.controller.UserController [http-nio-8080-exec-7] -----gameRules-----
2021-08-29 14:51:07,939 INFO com.dan_walker_cs.have_them_webapp.accounts.controller.UserController [http-nio-8080-exec-7] GameRules{numPlayers=6, smallBlind=0.05, bigBlind=0.1, actionTimerLength=3.0, minBuyIn=5.0, maxBuyIn=10.0, gameType='holdem'}
2021-08-29 14:51:07,945 TRACE com.dan_walker_cs.have_them_webapp.accounts.controller.HomeController [http-nio-8080-exec-8] User: user
2021-08-29 15:01:59,070 TRACE com.dan_walker_cs.have_them_webapp.accounts.controller.AuthSuccessController [http-nio-8080-exec-3] User: user
2021-08-29 15:01:59,087 TRACE com.dan_walker_cs.have_them_webapp.accounts.controller.UserController [http-nio-8080-exec-4] User: user
2021-08-29 15:02:05,991 INFO com.dan_walker_cs.have_them_webapp.accounts.controller.UserController [http-nio-8080-exec-6] -----gameRules-----
2021-08-29 15:02:05,992 INFO com.dan_walker_cs.have_them_webapp.accounts.controller.UserController [http-nio-8080-exec-6] GameRules{numPlayers=0, smallBlind=0.05, bigBlind=0.1, actionTimerLength=1.0, minBuyIn=5.0, maxBuyIn=10.0, gameType='holdem'}
2021-08-29 15:02:05,996 TRACE com.dan_walker_cs.have_them_webapp.accounts.controller.HomeController [http-nio-8080-exec-7] User: user
2021-08-29 15:07:14,218 TRACE com.dan_walker_cs.have_them_webapp.accounts.controller.AuthSuccessController [http-nio-8080-exec-5] User: user
2021-08-29 15:07:14,229 TRACE com.dan_walker_cs.have_them_webapp.accounts.controller.UserController [http-nio-8080-exec-6] User: user
2021-08-29 15:07:22,627 INFO com.dan_walker_cs.have_them_webapp.accounts.controller.UserController [http-nio-8080-exec-8] -----gameRules-----
2021-08-29 15:07:22,627 INFO com.dan_walker_cs.have_them_webapp.accounts.controller.UserController [http-nio-8080-exec-8] GameRules{numPlayers=no, smallBlind=-0.5, bigBlind=-1.0, actionTimerLength=3.0, minBuyIn=-50.0, maxBuyIn=-100.0, gameType='-1'}
2021-08-29 15:19:29,341 TRACE com.dan_walker_cs.have_them_webapp.accounts.controller.AuthSuccessController [http-nio-8080-exec-5] User: user
2021-08-29 15:19:29,353 TRACE com.dan_walker_cs.have_them_webapp.accounts.controller.UserController [http-nio-8080-exec-6] User: user
2021-08-29 15:19:34,134 INFO com.dan_walker_cs.have_them_webapp.accounts.controller.UserController [http-nio-8080-exec-8] -----gameRules-----
2021-08-29 15:19:34,134 INFO com.dan_walker_cs.have_them_webapp.accounts.controller.UserController [http-nio-8080-exec-8] GameRules{numPlayers=no, smallBlind=0.05, bigBlind=0.1, actionTimerLength=1.0, minBuyIn=5.0, maxBuyIn=10.0, gameType='holdem'}
2021-08-29 15:20:14,183 TRACE com.dan_walker_cs.have_them_webapp.accounts.controller.AuthSuccessController [http-nio-8080-exec-4] User: user
2021-08-29 15:20:14,197 TRACE com.dan_walker_cs.have_them_webapp.accounts.controller.UserController [http-nio-8080-exec-5] User: user
2021-08-29 15:20:23,286 INFO com.dan_walker_cs.have_them_webapp.accounts.controller.UserController [http-nio-8080-exec-7] -----gameRules-----
2021-08-29 15:20:23,286 INFO com.dan_walker_cs.have_them_webapp.accounts.controller.UserController [http-nio-8080-exec-7] GameRules{numPlayers=0, smallBlind=0.05, bigBlind=0.1, actionTimerLength=1.0, minBuyIn=5.0, maxBuyIn=10.0, gameType='holdem'}
2021-08-29 15:21:24,291 TRACE com.dan_walker_cs.have_them_webapp.accounts.controller.AuthSuccessController [http-nio-8080-exec-7] User: user
2021-08-29 15:21:24,305 TRACE com.dan_walker_cs.have_them_webapp.accounts.controller.UserController [http-nio-8080-exec-8] User: user
2021-08-29 15:21:28,824 INFO com.dan_walker_cs.have_them_webapp.accounts.controller.UserController [http-nio-8080-exec-10] -----gameRules-----
2021-08-29 15:21:28,825 INFO com.dan_walker_cs.have_them_webapp.accounts.controller.UserController [http-nio-8080-exec-10] GameRules{numPlayers=0, smallBlind=0.05, bigBlind=0.1, actionTimerLength=1.0, minBuyIn=5.0, maxBuyIn=10.0, gameType='holdem'}
2021-08-29 15:22:33,776 TRACE com.dan_walker_cs.have_them_webapp.accounts.controller.AuthSuccessController [http-nio-8080-exec-10] User: user
2021-08-29 15:22:33,787 TRACE com.dan_walker_cs.have_them_webapp.accounts.controller.UserController [http-nio-8080-exec-1] User: user
2021-08-29 15:22:39,078 INFO com.dan_walker_cs.have_them_webapp.accounts.controller.UserController [http-nio-8080-exec-3] -----gameRules-----
2021-08-29 15:22:39,078 INFO com.dan_walker_cs.have_them_webapp.accounts.controller.UserController [http-nio-8080-exec-3] GameRules{numPlayers=0, smallBlind=0.05, bigBlind=0.1, actionTimerLength=1.0, minBuyIn=5.0, maxBuyIn=10.0, gameType='holdem'}
2021-08-29 15:22:44,448 INFO com.dan_walker_cs.have_them_webapp.accounts.controller.UserController [http-nio-8080-exec-5] -----gameRules-----
2021-08-29 15:22:44,448 INFO com.dan_walker_cs.have_them_webapp.accounts.controller.UserController [http-nio-8080-exec-5] GameRules{numPlayers=10, smallBlind=0.05, bigBlind=0.1, actionTimerLength=1.0, minBuyIn=5.0, maxBuyIn=10.0, gameType='holdem'}
2021-08-29 15:22:46,783 INFO com.dan_walker_cs.have_them_webapp.accounts.controller.UserController [http-nio-8080-exec-7] -----gameRules-----
2021-08-29 15:22:46,783 INFO com.dan_walker_cs.have_them_webapp.accounts.controller.UserController [http-nio-8080-exec-7] GameRules{numPlayers=10, smallBlind=0.05, bigBlind=0.1, actionTimerLength=1.0, minBuyIn=5.0, maxBuyIn=10.0, gameType='-1'}
2021-08-29 15:22:53,623 INFO com.dan_walker_cs.have_them_webapp.accounts.controller.UserController [http-nio-8080-exec-9] -----gameRules-----
2021-08-29 15:22:53,623 INFO com.dan_walker_cs.have_them_webapp.accounts.controller.UserController [http-nio-8080-exec-9] GameRules{numPlayers=10, smallBlind=-0.5, bigBlind=-1.0, actionTimerLength=1.0, minBuyIn=-50.0, maxBuyIn=-100.0, gameType='-1'}
2021-08-29 15:23:34,265 TRACE com.dan_walker_cs.have_them_webapp.accounts.controller.AuthSuccessController [http-nio-8080-exec-6] User: user
2021-08-29 15:23:34,275 TRACE com.dan_walker_cs.have_them_webapp.accounts.controller.UserController [http-nio-8080-exec-7] User: user
2021-08-29 15:23:39,977 INFO com.dan_walker_cs.have_them_webapp.accounts.controller.UserController [http-nio-8080-exec-9] -----gameRules-----
2021-08-29 15:23:39,977 INFO com.dan_walker_cs.have_them_webapp.accounts.controller.UserController [http-nio-8080-exec-9] GameRules{numPlayers=0, smallBlind=-0.5, bigBlind=-1.0, actionTimerLength=1.0, minBuyIn=-50.0, maxBuyIn=-100.0, gameType='-1'}
2021-08-29 15:24:21,511 TRACE com.dan_walker_cs.have_them_webapp.accounts.controller.AuthSuccessController [http-nio-8080-exec-5] User: user
2021-08-29 15:24:21,521 TRACE com.dan_walker_cs.have_them_webapp.accounts.controller.UserController [http-nio-8080-exec-6] User: user
2021-08-29 15:24:26,883 INFO com.dan_walker_cs.have_them_webapp.accounts.controller.UserController [http-nio-8080-exec-8] -----gameRules-----
2021-08-29 15:24:26,884 INFO com.dan_walker_cs.have_them_webapp.accounts.controller.UserController [http-nio-8080-exec-8] GameRules{numPlayers=0, smallBlind=-0.5, bigBlind=-1.0, actionTimerLength=1.0, minBuyIn=-50.0, maxBuyIn=-100.0, gameType='-1'}
2021-08-29 15:25:40,099 TRACE com.dan_walker_cs.have_them_webapp.accounts.controller.AuthSuccessController [http-nio-8080-exec-7] User: user
2021-08-29 15:25:40,110 TRACE com.dan_walker_cs.have_them_webapp.accounts.controller.UserController [http-nio-8080-exec-8] User: user
2021-08-29 15:25:44,667 INFO com.dan_walker_cs.have_them_webapp.accounts.controller.UserController [http-nio-8080-exec-10] -----gameRules-----
2021-08-29 15:25:44,668 INFO com.dan_walker_cs.have_them_webapp.accounts.controller.UserController [http-nio-8080-exec-10] GameRules{numPlayers=0, smallBlind=-0.5, bigBlind=-1.0, actionTimerLength=1.0, minBuyIn=-50.0, maxBuyIn=-100.0, gameType='-1'}
2021-08-29 15:25:49,448 TRACE com.dan_walker_cs.have_them_webapp.accounts.controller.UserController [http-nio-8080-exec-2] User: user
2021-08-29 15:26:38,007 TRACE com.dan_walker_cs.have_them_webapp.accounts.controller.AuthSuccessController [http-nio-8080-exec-2] User: user
2021-08-29 15:26:38,010 TRACE com.dan_walker_cs.have_them_webapp.accounts.controller.UserController [http-nio-8080-exec-3] User: user
2021-08-29 15:26:44,250 INFO com.dan_walker_cs.have_them_webapp.accounts.controller.UserController [http-nio-8080-exec-5] -----gameRules-----
2021-08-29 15:26:44,251 INFO com.dan_walker_cs.have_them_webapp.accounts.controller.UserController [http-nio-8080-exec-5] GameRules{numPlayers=3, smallBlind=0.05, bigBlind=0.1, actionTimerLength=1.0, minBuyIn=5.0, maxBuyIn=10.0, gameType='holdem'}
2021-08-29 15:26:44,254 TRACE com.dan_walker_cs.have_them_webapp.accounts.controller.HomeController [http-nio-8080-exec-6] User: user
