2021-09-05 21:48:18,949 INFO org.springframework.boot.StartupInfoLogger [main] Starting SpringFullstackApplication on DESKTOP-24UR8JC with PID 4464 (C:\Users\danla\OneDrive\Desktop\poker-webapp\poker-webapp\target\classes started by danla in C:\Users\danla\OneDrive\Desktop\poker-webapp)
2021-09-05 21:48:18,952 INFO org.springframework.boot.SpringApplication [main] No active profile set, falling back to default profiles: default
2021-09-05 21:48:19,365 INFO org.springframework.data.repository.config.RepositoryConfigurationDelegate [main] Bootstrapping Spring Data JPA repositories in DEFAULT mode.
2021-09-05 21:48:19,402 INFO org.springframework.data.repository.config.RepositoryConfigurationDelegate [main] Finished Spring Data repository scanning in 28ms. Found 1 JPA repository interfaces.
2021-09-05 21:48:20,000 INFO org.springframework.boot.web.embedded.tomcat.TomcatWebServer [main] Tomcat initialized with port(s): 8080 (http)
2021-09-05 21:48:20,009 INFO org.apache.juli.logging.DirectJDKLog [main] Starting service [Tomcat]
2021-09-05 21:48:20,009 INFO org.apache.juli.logging.DirectJDKLog [main] Starting Servlet engine: [Apache Tomcat/9.0.37]
2021-09-05 21:48:20,101 INFO org.apache.juli.logging.DirectJDKLog [main] Initializing Spring embedded WebApplicationContext
2021-09-05 21:48:20,101 INFO org.springframework.boot.web.servlet.context.ServletWebServerApplicationContext [main] Root WebApplicationContext: initialization completed in 1109 ms
2021-09-05 21:48:20,264 INFO org.hibernate.jpa.internal.util.LogHelper [main] HHH000204: Processing PersistenceUnitInfo [name: default]
2021-09-05 21:48:20,304 INFO org.hibernate.Version [main] HHH000412: Hibernate ORM core version 5.4.20.Final
2021-09-05 21:48:20,424 INFO org.hibernate.annotations.common.reflection.java.JavaReflectionManager [main] HCANN000001: Hibernate Commons Annotations {5.1.0.Final}
2021-09-05 21:48:20,501 INFO com.zaxxer.hikari.HikariDataSource [main] HikariPool-1 - Starting...
2021-09-05 21:48:20,889 INFO com.zaxxer.hikari.HikariDataSource [main] HikariPool-1 - Start completed.
2021-09-05 21:48:20,903 INFO org.hibernate.dialect.Dialect [main] HHH000400: Using dialect: org.hibernate.dialect.MySQL5Dialect
2021-09-05 21:48:21,409 INFO org.hibernate.engine.transaction.jta.platform.internal.JtaPlatformInitiator [main] HHH000490: Using JtaPlatform implementation: [org.hibernate.engine.transaction.jta.platform.internal.NoJtaPlatform]
2021-09-05 21:48:21,413 INFO org.springframework.orm.jpa.AbstractEntityManagerFactoryBean [main] Initialized JPA EntityManagerFactory for persistence unit 'default'
2021-09-05 21:48:21,702 WARN org.springframework.boot.autoconfigure.orm.jpa.JpaBaseConfiguration$JpaWebConfiguration [main] spring.jpa.open-in-view is enabled by default. Therefore, database queries may be performed during view rendering. Explicitly configure spring.jpa.open-in-view to disable this warning
2021-09-05 21:48:21,874 INFO org.springframework.security.web.DefaultSecurityFilterChain [main] Creating filter chain: any request, [org.springframework.security.web.context.request.async.WebAsyncManagerIntegrationFilter@432448, org.springframework.security.web.context.SecurityContextPersistenceFilter@35cf91df, org.springframework.security.web.header.HeaderWriterFilter@73db7df0, org.springframework.security.web.csrf.CsrfFilter@75784062, org.springframework.security.web.authentication.logout.LogoutFilter@690e4b00, org.springframework.security.web.authentication.UsernamePasswordAuthenticationFilter@38a27ace, org.springframework.security.web.authentication.ui.DefaultLoginPageGeneratingFilter@47374fa5, org.springframework.security.web.authentication.ui.DefaultLogoutPageGeneratingFilter@4452e13c, org.springframework.security.web.savedrequest.RequestCacheAwareFilter@7f02b2d4, org.springframework.security.web.servletapi.SecurityContextHolderAwareRequestFilter@2bda7a5b, org.springframework.security.web.authentication.AnonymousAuthenticationFilter@4d964c9e, org.springframework.security.web.session.SessionManagementFilter@1c66cd02, org.springframework.security.web.access.ExceptionTranslationFilter@36cdcae0, org.springframework.security.web.access.intercept.FilterSecurityInterceptor@70d7a49b]
2021-09-05 21:48:22,047 INFO org.springframework.scheduling.concurrent.ExecutorConfigurationSupport [main] Initializing ExecutorService 'applicationTaskExecutor'
2021-09-05 21:48:22,275 INFO org.springframework.boot.web.embedded.tomcat.TomcatWebServer [main] Tomcat started on port(s): 8080 (http) with context path ''
2021-09-05 21:48:22,283 INFO org.springframework.boot.StartupInfoLogger [main] Started SpringFullstackApplication in 3.596 seconds (JVM running for 4.048)
2021-09-05 21:48:40,861 INFO org.apache.juli.logging.DirectJDKLog [http-nio-8080-exec-1] Initializing Spring DispatcherServlet 'dispatcherServlet'
2021-09-05 21:48:40,861 INFO org.springframework.web.servlet.FrameworkServlet [http-nio-8080-exec-1] Initializing Servlet 'dispatcherServlet'
2021-09-05 21:48:40,865 INFO org.springframework.web.servlet.FrameworkServlet [http-nio-8080-exec-1] Completed initialization in 4 ms
2021-09-05 21:48:49,550 INFO org.springframework.scheduling.concurrent.ExecutorConfigurationSupport [SpringContextShutdownHook] Shutting down ExecutorService 'applicationTaskExecutor'
2021-09-05 21:48:49,551 INFO org.springframework.orm.jpa.AbstractEntityManagerFactoryBean [SpringContextShutdownHook] Closing JPA EntityManagerFactory for persistence unit 'default'
2021-09-05 21:48:49,552 INFO com.zaxxer.hikari.HikariDataSource [SpringContextShutdownHook] HikariPool-1 - Shutdown initiated...
2021-09-05 21:48:49,557 INFO com.zaxxer.hikari.HikariDataSource [SpringContextShutdownHook] HikariPool-1 - Shutdown completed.
